<html>
<body>
<pre>
<h1>µVision Build Log</h1>
<h2>Project:</h2>
C:\Users\xxxx\Desktop\TTRD2_8836_KEIL\project.uvproj
Project File Date:  06/11/2017

<h2>Output:</h2>
Build target 'Target 1'
compiling user.c...
src\user.c(12): warning C280: 'freq': unreferenced local variable
src\user.c(17): warning C280: 'tick': unreferenced local variable
src\user.c(10): warning C290: missing return value
linking...
*** WARNING L16: UNCALLED FUNCTION, IGNORED FOR OVERLAY PROCESS
    NAME:    _UART2_BUF_O_WRITE_NUMBER10_TO_BUFFER/UART_TASK
*** WARNING L16: UNCALLED FUNCTION, IGNORED FOR OVERLAY PROCESS
    NAME:    _UART2_BUF_O_WRITE_NUMBER02_TO_BUFFER/UART_TASK
*** WARNING L16: UNCALLED FUNCTION, IGNORED FOR OVERLAY PROCESS
    NAME:    INTERRUPT_HANDLER/USER
Program Size: data=9.0 xdata=706 const=0 code=4218
creating hex file from ".\out\project"...
".\out\project" - 0 Error(s), 6 Warning(s).
</pre>
</body>
</html>
80: 'WDT_COUNT': unreferenced local variable
Target not created
NT': unreferenced local variable
Target not created
k.h(60): error C141: syntax error near ')'
compiling processor.c...
\Users\xxxx\Desktop\TTRD2_8836_KEIL\inc\uart_task.h(58): error C141: syntax error near ')'
\Users\xxxx\Desktop\TTRD2_8836_KEIL\inc\uart_task.h(59): error C141: syntax error near ')'
\Users\xxxx\Desktop\TTRD2_8836_KEIL\inc\uart_task.h(60): error C141: syntax error near ')'
compiling scheduler.c...
\Users\xxxx\Desktop\TTRD2_8836_KEIL\inc\uart_task.h(58): error C141: syntax error near ')'
\Users\xxxx\Desktop\TTRD2_8836_KEIL\inc\uart_task.h(59): error C141: syntax error near ')'
\Users\xxxx\Desktop\TTRD2_8836_KEIL\inc\uart_task.h(60): error C141: syntax error near ')'
compiling uart_task.c...
\Users\xxxx\Desktop\TTRD2_8836_KEIL\inc\uart_task.h(58): error C141: syntax error near ')'
\Users\xxxx\Desktop\TTRD2_8836_KEIL\inc\uart_task.h(59): error C141: syntax error near ')'
\Users\xxxx\Desktop\TTRD2_8836_KEIL\inc\uart_task.h(60): error C141: syntax error near ')'
src\uart_task.c(171): error C202: 'UART1_FLAG_RXNE': undefined identifier
compiling user.c...
\Users\xxxx\Desktop\TTRD2_8836_KEIL\inc\uart_task.h(58): error C141: syntax error near ')'
\Users\xxxx\Desktop\TTRD2_8836_KEIL\inc\uart_task.h(59): error C141: syntax error near ')'
\Users\xxxx\Desktop\TTRD2_8836_KEIL\inc\uart_task.h(60): error C141: syntax error near ')'
compiling watchdog_task.c...
\Users\xxxx\Desktop\TTRD2_8836_KEIL\inc\uart_task.h(58): error C141: syntax error near ')'
\Users\xxxx\Desktop\TTRD2_8836_KEIL\inc\uart_task.h(59): error C141: syntax error near ')'
\Users\xxxx\Desktop\TTRD2_8836_KEIL\inc\uart_task.h(60): error C141: syntax error near ')'
Target not created
\scheduler.h(57): error C129: missing ';' before 'Delay'
compiling user.c...
\Users\xxxx\Desktop\TTRD2_8836_KEIL\inc\user.h(6): error C141: syntax error near 'freq', expected ')'
\Users\xxxx\Desktop\TTRD2_8836_KEIL\inc\user.h(8): error C141: syntax error near 'tick', expected ')'
\Users\xxxx\Desktop\TTRD2_8836_KEIL\inc\scheduler.h(57): error C141: syntax error near 'uint32_t'
\Users\xxxx\Desktop\TTRD2_8836_KEIL\inc\scheduler.h(57): error C129: missing ';' before 'Delay'
compiling watchdog_task.c...
\Users\xxxx\Desktop\TTRD2_8836_KEIL\inc\user.h(6): error C141: syntax error near 'freq', expected ')'
\Users\xxxx\Desktop\TTRD2_8836_KEIL\inc\user.h(8): error C141: syntax error near 'tick', expected ')'
\Users\xxxx\Desktop\TTRD2_8836_KEIL\inc\scheduler.h(57): error C141: syntax error near 'uint32_t'
\Users\xxxx\Desktop\TTRD2_8836_KEIL\inc\scheduler.h(57): error C129: missing ';' before 'Delay'
Target not created
_task.c...
.\inc\main.h(45): warning C318: can't open file 'inttypes.h'
\Users\xxxx\Desktop\TTRD2_8836_KEIL\inc\user.h(6): error C141: syntax error near 'freq', expected ')'
\Users\xxxx\Desktop\TTRD2_8836_KEIL\inc\user.h(8): error C141: syntax error near 'tick', expected ')'
\Users\xxxx\Desktop\TTRD2_8836_KEIL\inc\scheduler.h(57): error C141: syntax error near 'uint32_t'
\Users\xxxx\Desktop\TTRD2_8836_KEIL\inc\scheduler.h(57): error C129: missing ';' before 'Delay'
Target not created
uler.h(57): error C141: syntax error near 'uint32_t'
\Users\xxxx\Desktop\TTRD2_8836_KEIL\inc\scheduler.h(57): error C129: missing ';' before 'Delay'
compiling watchdog_task.c...
\Users\xxxx\Desktop\TTRD2_8836_KEIL\inc\user.h(6): error C141: syntax error near 'freq', expected ')'
\Users\xxxx\Desktop\TTRD2_8836_KEIL\inc\user.h(8): error C141: syntax error near 'tick', expected ')'
\Users\xxxx\Desktop\TTRD2_8836_KEIL\inc\scheduler.h(57): error C141: syntax error near 'uint32_t'
\Users\xxxx\Desktop\TTRD2_8836_KEIL\inc\scheduler.h(57): error C129: missing ';' before 'Delay'
Target not created
